# JRE version: Java(TM) SE Runtime Environment 18.9 (11.0.12+8) (build 11.0.12+8-LTS-237)
# Java VM: Java HotSpot(TM) 64-Bit Server VM 18.9 (11.0.12+8-LTS-237, mixed mode, tiered, compressed oops, g1 gc, windows-amd64)
Heap:
 garbage-first heap   total 290816K, used 241554K [0x00000000c2200000, 0x0000000100000000)
  region size 1024K, 168 young (172032K), 9 survivors (9216K)
 Metaspace       used 38826K, capacity 39667K, committed 39856K, reserved 1085440K
  class space    used 3919K, capacity 4242K, committed 4352K, reserved 1048576K
GC Heap History (10 events):
Event: 25.354 GC heap before
{Heap before GC invocations=47 (full 0):
 garbage-first heap   total 180224K, used 128605K [0x00000000c2200000, 0x0000000100000000)
  region size 1024K, 59 young (60416K), 4 survivors (4096K)
 Metaspace       used 37515K, capacity 38248K, committed 38320K, reserved 1083392K
  class space    used 3800K, capacity 4071K, committed 4096K, reserved 1048576K
}
Event: 25.387 GC heap after
{Heap after GC invocations=48 (full 0):
 garbage-first heap   total 180224K, used 73222K [0x00000000c2200000, 0x0000000100000000)
  region size 1024K, 5 young (5120K), 5 survivors (5120K)
 Metaspace       used 37515K, capacity 38248K, committed 38320K, reserved 1083392K
  class space    used 3800K, capacity 4071K, committed 4096K, reserved 1048576K
}
Event: 25.583 GC heap before
{Heap before GC invocations=48 (full 0):
 garbage-first heap   total 180224K, used 134662K [0x00000000c2200000, 0x0000000100000000)
  region size 1024K, 65 young (66560K), 5 survivors (5120K)
 Metaspace       used 37534K, capacity 38312K, committed 38576K, reserved 1083392K
  class space    used 3800K, capacity 4071K, committed 4096K, reserved 1048576K
}
Event: 25.599 GC heap after
{Heap after GC invocations=49 (full 0):
 garbage-first heap   total 180224K, used 74206K [0x00000000c2200000, 0x0000000100000000)
  region size 1024K, 6 young (6144K), 6 survivors (6144K)
 Metaspace       used 37534K, capacity 38312K, committed 38576K, reserved 1083392K
  class space    used 3800K, capacity 4071K, committed 4096K, reserved 1048576K
}
Event: 25.873 GC heap before
{Heap before GC invocations=49 (full 0):
 garbage-first heap   total 180224K, used 139742K [0x00000000c2200000, 0x0000000100000000)
  region size 1024K, 69 young (70656K), 6 survivors (6144K)
 Metaspace       used 37540K, capacity 38312K, committed 38576K, reserved 1083392K
  class space    used 3800K, capacity 4071K, committed 4096K, reserved 1048576K
}
Event: 25.890 GC heap after
{Heap after GC invocations=50 (full 0):
 garbage-first heap   total 180224K, used 75532K [0x00000000c2200000, 0x0000000100000000)
  region size 1024K, 5 young (5120K), 5 survivors (5120K)
 Metaspace       used 37540K, capacity 38312K, committed 38576K, reserved 1083392K
  class space    used 3800K, capacity 4071K, committed 4096K, reserved 1048576K
}
Event: 26.589 GC heap before
{Heap before GC invocations=50 (full 0):
 garbage-first heap   total 180224K, used 148236K [0x00000000c2200000, 0x0000000100000000)
  region size 1024K, 76 young (77824K), 5 survivors (5120K)
 Metaspace       used 37607K, capacity 38384K, committed 38576K, reserved 1083392K
  class space    used 3803K, capacity 4075K, committed 4096K, reserved 1048576K
}
Event: 26.609 GC heap after
{Heap after GC invocations=51 (full 0):
 garbage-first heap   total 290816K, used 77125K [0x00000000c2200000, 0x0000000100000000)
  region size 1024K, 7 young (7168K), 7 survivors (7168K)
 Metaspace       used 37607K, capacity 38384K, committed 38576K, reserved 1083392K
  class space    used 3803K, capacity 4075K, committed 4096K, reserved 1048576K
}
Event: 27.989 GC heap before
{Heap before GC invocations=51 (full 0):
 garbage-first heap   total 290816K, used 179525K [0x00000000c2200000, 0x0000000100000000)
  region size 1024K, 107 young (109568K), 7 survivors (7168K)
 Metaspace       used 37681K, capacity 38454K, committed 38576K, reserved 1083392K
  class space    used 3803K, capacity 4075K, committed 4096K, reserved 1048576K
}
Event: 28.014 GC heap after
{Heap after GC invocations=52 (full 0):
 garbage-first heap   total 290816K, used 79762K [0x00000000c2200000, 0x0000000100000000)
  region size 1024K, 9 young (9216K), 9 survivors (9216K)
 Metaspace       used 37681K, capacity 38454K, committed 38576K, reserved 1083392K
  class space    used 3803K, capacity 4075K, committed 4096K, reserved 1048576K
}

